<?xml version="1.0" encoding="UTF-8"?>
<!-- Generated by org.testng.reporters.JUnitXMLReporter -->
<testsuite ignored="0" hostname="MacBook-Pro.local" failures="1" tests="2" name="Error Validation Test" time="7.543" errors="0" timestamp="2022-09-21T09:29:54 IST">
  <testcase classname="com.rahulshettyacademy.tests.ErrorValidationsTest" name="endToEnd" time="0.372">
    <skipped/>
  </testcase> <!-- endToEnd -->
  <testcase classname="com.rahulshettyacademy.tests.ErrorValidationsTest" name="endToEnd" time="0.336">
    <failure type="java.lang.AssertionError" message="expected [Incorrect email or password.] but found [Incorrect email or ,password.]">
      <![CDATA[java.lang.AssertionError: expected [Incorrect email or password.] but found [Incorrect email or ,password.]
at com.rahulshettyacademy.tests.ErrorValidationsTest.endToEnd(ErrorValidationsTest.java:17)
at java.base/java.util.ArrayList.forEach(ArrayList.java:1511)
at java.base/java.util.concurrent.FutureTask.run(FutureTask.java:264)
at java.base/java.util.concurrent.ThreadPoolExecutor.runWorker(ThreadPoolExecutor.java:1136)
at java.base/java.util.concurrent.ThreadPoolExecutor$Worker.run(ThreadPoolExecutor.java:635)
at java.base/java.lang.Thread.run(Thread.java:833)
... Removed 22 stack frames]]>
    </failure>
  </testcase> <!-- endToEnd -->
</testsuite> <!-- Error Validation Test -->
